<?xml version="1.0" encoding="utf-8" standalone="no"?>
<!--This file represents the results of running a test suite-->
<test-results name="C:\Course933\Exercises\Ex8.1\FlashCardsSolution\FlashCardsTests\bin\Debug\FlashCardsTests.dll" total="3" failures="0" not-run="0" date="2008-05-13" time="16:24:12">
  <environment nunit-version="2.4.2.0" clr-version="2.0.50727.1433" os-version="Microsoft Windows NT 5.1.2600 Service Pack 2" platform="Win32NT" cwd="C:\Course933\Exercises\Ex8.1\FlashCardsSolution" machine-name="DOUGVM" user="502Student" user-domain="DOUGVM" />
  <culture-info current-culture="en-US" current-uiculture="en-US" />
  <test-suite name="C:\Course933\Exercises\Ex8.1\FlashCardsSolution\FlashCardsTests\bin\Debug\FlashCardsTests.dll" success="True" time="0.109" asserts="0">
    <results>
      <test-suite name="FlashCardsTests" success="True" time="0.109" asserts="0">
        <results>
          <test-suite name="SpellingFlashCardTests" success="True" time="0.094" asserts="0">
            <results>
              <test-case name="FlashCardsTests.SpellingFlashCardTests.CorrectanswerTest" executed="True" success="True" time="0.047" asserts="0" />
              <test-case name="FlashCardsTests.SpellingFlashCardTests.CreationTest" executed="True" success="True" time="0.000" asserts="0" />
              <test-case name="FlashCardsTests.SpellingFlashCardTests.MessageTest" executed="True" success="True" time="0.000" asserts="0" />
            </results>
          </test-suite>
        </results>
      </test-suite>
    </results>
  </test-suite>
</test-results>